Bootstrap step: 0
Bootstrap step: 1
Bootstrap step: 2
Bootstrap step: 3
Bootstrap step: 4
Bootstrap step: 5
Bootstrap step: 6
Bootstrap step: 7
Bootstrap step: 8
Bootstrap step: 9
Bootstrap step: 10
Bootstrap step: 11
Bootstrap step: 12
Bootstrap step: 13
Bootstrap step: 14
Bootstrap step: 15
Bootstrap step: 16
Bootstrap step: 17
Bootstrap step: 18
Bootstrap step: 19
Bootstrap step: 20
Bootstrap step: 21
Bootstrap step: 22
Bootstrap step: 23
Bootstrap step: 24
Bootstrap step: 25
Bootstrap step: 26
Bootstrap step: 27
Bootstrap step: 28
Bootstrap step: 29
Bootstrap step: 30
Bootstrap step: 31
Bootstrap step: 32
Bootstrap step: 33
Bootstrap step: 34
Bootstrap step: 35
Bootstrap step: 36
Bootstrap step: 37
Bootstrap step: 38
Bootstrap step: 39
Bootstrap step: 40
Bootstrap step: 41
Bootstrap step: 42
Bootstrap step: 43
Bootstrap step: 44
Bootstrap step: 45
Bootstrap step: 46
Bootstrap step: 47
Bootstrap step: 48
Bootstrap step: 49
Bootstrap step: 50
Bootstrap step: 51
Bootstrap step: 52
Bootstrap step: 53
Bootstrap step: 54
Bootstrap step: 55
Bootstrap step: 56
Bootstrap step: 57
Bootstrap step: 58
Bootstrap step: 59
Bootstrap step: 60
Bootstrap step: 61
Bootstrap step: 62
Bootstrap step: 63
Bootstrap step: 64
Bootstrap step: 65
Bootstrap step: 66
Bootstrap step: 67
Bootstrap step: 68
Bootstrap step: 69
Bootstrap step: 70
Bootstrap step: 71
Bootstrap step: 72
Bootstrap step: 73
Bootstrap step: 74
Bootstrap step: 75
Bootstrap step: 76
Bootstrap step: 77
Bootstrap step: 78
Bootstrap step: 79
Bootstrap step: 80
Bootstrap step: 81
Bootstrap step: 82
Bootstrap step: 83
Bootstrap step: 84
Bootstrap step: 85
Bootstrap step: 86
Bootstrap step: 87
Bootstrap step: 88
Bootstrap step: 89
Bootstrap step: 90
Bootstrap step: 91
Bootstrap step: 92
Bootstrap step: 93
Bootstrap step: 94
Bootstrap step: 95
Bootstrap step: 96
Bootstrap step: 97
Bootstrap step: 98
Bootstrap step: 99
wikipedia test: ( err: 0.0) passed
lenta test: ( err: 0.00926829268293) passed
zr test: ( err: 0.0424444444444) passed
PASSED
